Build started 6/8/2015 2:00:04 PM.
     1>Project "C:\Users\tltimmins\Documents\Visual Studio 2013\Projects\RotatingStar\OpenGL\OpenGL.vcxproj" on node 2 (Build target(s)).
     1>ClCompile:
         C:\Program Files (x86)\Microsoft Visual Studio 12.0\VC\bin\CL.exe /c /ZI /nologo /W3 /WX- /Od /Oy- /D WIN32 /D _DEBUG /D _WINDOWS /D _MBCS /Gm /EHsc /RTC1 /MDd /GS /fp:precise /Zc:wchar_t /Zc:forScope /Fo"Debug\\" /Fd"Debug\vc120.pdb" /Gd /TP /analyze- /errorReport:prompt OpenGLApp.cpp
         OpenGLApp.cpp
     1>c:\users\tltimmins\documents\visual studio 2013\projects\rotatingstar\opengl\openglapp.cpp(177): warning C4305: 'argument' : truncation from 'double' to 'GLfloat'
     1>c:\users\tltimmins\documents\visual studio 2013\projects\rotatingstar\opengl\openglapp.cpp(178): warning C4305: 'argument' : truncation from 'double' to 'GLfloat'
     1>c:\users\tltimmins\documents\visual studio 2013\projects\rotatingstar\opengl\openglapp.cpp(180): warning C4305: 'argument' : truncation from 'double' to 'GLfloat'
     1>c:\users\tltimmins\documents\visual studio 2013\projects\rotatingstar\opengl\openglapp.cpp(181): warning C4305: 'argument' : truncation from 'double' to 'GLfloat'
     1>c:\users\tltimmins\documents\visual studio 2013\projects\rotatingstar\opengl\openglapp.cpp(182): warning C4305: 'argument' : truncation from 'double' to 'GLfloat'
     1>c:\users\tltimmins\documents\visual studio 2013\projects\rotatingstar\opengl\openglapp.cpp(183): warning C4305: 'argument' : truncation from 'double' to 'GLfloat'
     1>c:\users\tltimmins\documents\visual studio 2013\projects\rotatingstar\opengl\openglapp.cpp(184): warning C4305: 'argument' : truncation from 'double' to 'GLfloat'
     1>c:\users\tltimmins\documents\visual studio 2013\projects\rotatingstar\opengl\openglapp.cpp(186): warning C4305: 'argument' : truncation from 'double' to 'GLfloat'
       Link:
         C:\Program Files (x86)\Microsoft Visual Studio 12.0\VC\bin\link.exe /ERRORREPORT:PROMPT /OUT:"C:\Users\tltimmins\Documents\Visual Studio 2013\Projects\RotatingStar\Debug\OpenGL.exe" /INCREMENTAL /NOLOGO kernel32.lib user32.lib gdi32.lib winspool.lib comdlg32.lib advapi32.lib shell32.lib ole32.lib oleaut32.lib uuid.lib odbc32.lib odbccp32.lib /MANIFEST /MANIFESTUAC:"level='asInvoker' uiAccess='false'" /manifest:embed /DEBUG /PDB:"C:\Users\tltimmins\Documents\Visual Studio 2013\Projects\RotatingStar\Debug\OpenGL.pdb" /SUBSYSTEM:WINDOWS /TLBID:1 /DYNAMICBASE /NXCOMPAT /IMPLIB:"C:\Users\tltimmins\Documents\Visual Studio 2013\Projects\RotatingStar\Debug\OpenGL.lib" /MACHINE:X86 Debug\OpenGLApp.obj
         Debug\WinMain.obj
         OpenGL.vcxproj -> C:\Users\tltimmins\Documents\Visual Studio 2013\Projects\RotatingStar\Debug\OpenGL.exe
     1>Done Building Project "C:\Users\tltimmins\Documents\Visual Studio 2013\Projects\RotatingStar\OpenGL\OpenGL.vcxproj" (Build target(s)).

Build succeeded.

Time Elapsed 00:00:00.85
